<?xml version="1.0" encoding="UTF-8" ?>
<testsuite errors="1" failures="0" hostname="atinc" name="cucumber.examples.java.helloworld.SearchStepDefinitions" tests="1" time="0.0" timestamp="2012-04-20T13:10:20">
  <properties>
[...]
</properties>
  <testcase classname="cucumber.examples.java.helloworld.SearchStepDefinitions" name="initializationError" time="0.0">
    <error message="No runnable methods" type="java.lang.Exception">java.lang.Exception: No runnable methods
	at java.lang.reflect.Constructor.newInstance(Constructor.java:513)
</error>
  </testcase>
  <system-out><![CDATA[]]></system-out>
  <system-err><![CDATA[]]></system-err>
</testsuite>
